# JRE version: OpenJDK Runtime Environment (14.0.2+12) (build 14.0.2+12-46)
# Java VM: OpenJDK 64-Bit Server VM (14.0.2+12-46, mixed mode, tiered, compressed oops, g1 gc, windows-amd64)
Heap:
 garbage-first heap   total 128000K, used 72540K [0x0000000081c00000, 0x0000000100000000)
  region size 1024K, 15 young (15360K), 3 survivors (3072K)
 Metaspace       used 95642K, capacity 97739K, committed 97868K, reserved 1134592K
  class space    used 11085K, capacity 11830K, committed 11956K, reserved 1048576K
GC Heap History (20 events):
Event: 7122.188 GC heap before
{Heap before GC invocations=70 (full 0):
 garbage-first heap   total 128000K, used 107262K [0x0000000081c00000, 0x0000000100000000)
  region size 1024K, 43 young (44032K), 1 survivors (1024K)
 Metaspace       used 94259K, capacity 96255K, committed 96460K, reserved 1134592K
  class space    used 11037K, capacity 11768K, committed 11828K, reserved 1048576K
}
Event: 7122.197 GC heap after
{Heap after GC invocations=71 (full 0):
 garbage-first heap   total 128000K, used 65411K [0x0000000081c00000, 0x0000000100000000)
  region size 1024K, 2 young (2048K), 2 survivors (2048K)
 Metaspace       used 94259K, capacity 96255K, committed 96460K, reserved 1134592K
  class space    used 11037K, capacity 11768K, committed 11828K, reserved 1048576K
}
Event: 7122.385 GC heap before
{Heap before GC invocations=71 (full 0):
 garbage-first heap   total 128000K, used 69507K [0x0000000081c00000, 0x0000000100000000)
  region size 1024K, 6 young (6144K), 2 survivors (2048K)
 Metaspace       used 94259K, capacity 96255K, committed 96460K, reserved 1134592K
  class space    used 11037K, capacity 11768K, committed 11828K, reserved 1048576K
}
Event: 7122.688 GC heap after
{Heap after GC invocations=72 (full 0):
 garbage-first heap   total 128000K, used 60843K [0x0000000081c00000, 0x0000000100000000)
  region size 1024K, 1 young (1024K), 1 survivors (1024K)
 Metaspace       used 94259K, capacity 96255K, committed 96460K, reserved 1134592K
  class space    used 11037K, capacity 11768K, committed 11828K, reserved 1048576K
}
Event: 7445.740 GC heap before
{Heap before GC invocations=72 (full 0):
 garbage-first heap   total 128000K, used 106923K [0x0000000081c00000, 0x0000000100000000)
  region size 1024K, 47 young (48128K), 1 survivors (1024K)
 Metaspace       used 94536K, capacity 96586K, committed 96716K, reserved 1134592K
  class space    used 11051K, capacity 11784K, committed 11828K, reserved 1048576K
}
Event: 7445.774 GC heap after
{Heap after GC invocations=73 (full 0):
 garbage-first heap   total 128000K, used 63031K [0x0000000081c00000, 0x0000000100000000)
  region size 1024K, 3 young (3072K), 3 survivors (3072K)
 Metaspace       used 94536K, capacity 96586K, committed 96716K, reserved 1134592K
  class space    used 11051K, capacity 11784K, committed 11828K, reserved 1048576K
}
Event: 7836.675 GC heap before
{Heap before GC invocations=74 (full 0):
 garbage-first heap   total 128000K, used 106039K [0x0000000081c00000, 0x0000000100000000)
  region size 1024K, 46 young (47104K), 3 survivors (3072K)
 Metaspace       used 94643K, capacity 96750K, committed 96972K, reserved 1134592K
  class space    used 11058K, capacity 11791K, committed 11828K, reserved 1048576K
}
Event: 7836.685 GC heap after
{Heap after GC invocations=75 (full 0):
 garbage-first heap   total 128000K, used 63314K [0x0000000081c00000, 0x0000000100000000)
  region size 1024K, 3 young (3072K), 3 survivors (3072K)
 Metaspace       used 94643K, capacity 96750K, committed 96972K, reserved 1134592K
  class space    used 11058K, capacity 11791K, committed 11828K, reserved 1048576K
}
Event: 7836.686 GC heap before
{Heap before GC invocations=75 (full 0):
 garbage-first heap   total 128000K, used 65362K [0x0000000081c00000, 0x0000000100000000)
  region size 1024K, 6 young (6144K), 3 survivors (3072K)
 Metaspace       used 94643K, capacity 96750K, committed 96972K, reserved 1134592K
  class space    used 11058K, capacity 11791K, committed 11828K, reserved 1048576K
}
Event: 7836.887 GC heap after
{Heap after GC invocations=76 (full 0):
 garbage-first heap   total 128000K, used 55656K [0x0000000081c00000, 0x0000000100000000)
  region size 1024K, 1 young (1024K), 1 survivors (1024K)
 Metaspace       used 94643K, capacity 96750K, committed 96972K, reserved 1134592K
  class space    used 11058K, capacity 11791K, committed 11828K, reserved 1048576K
}
Event: 8950.134 GC heap before
{Heap before GC invocations=76 (full 0):
 garbage-first heap   total 128000K, used 107880K [0x0000000081c00000, 0x0000000100000000)
  region size 1024K, 52 young (53248K), 1 survivors (1024K)
 Metaspace       used 94862K, capacity 96888K, committed 96972K, reserved 1134592K
  class space    used 11062K, capacity 11793K, committed 11828K, reserved 1048576K
}
Event: 8950.174 GC heap after
{Heap after GC invocations=77 (full 0):
 garbage-first heap   total 128000K, used 58917K [0x0000000081c00000, 0x0000000100000000)
  region size 1024K, 4 young (4096K), 4 survivors (4096K)
 Metaspace       used 94862K, capacity 96888K, committed 96972K, reserved 1134592K
  class space    used 11062K, capacity 11793K, committed 11828K, reserved 1048576K
}
Event: 10660.983 GC heap before
{Heap before GC invocations=77 (full 0):
 garbage-first heap   total 128000K, used 104997K [0x0000000081c00000, 0x0000000100000000)
  region size 1024K, 50 young (51200K), 4 survivors (4096K)
 Metaspace       used 95027K, capacity 97034K, committed 97228K, reserved 1134592K
  class space    used 11067K, capacity 11796K, committed 11828K, reserved 1048576K
}
Event: 10661.016 GC heap after
{Heap after GC invocations=78 (full 0):
 garbage-first heap   total 128000K, used 59464K [0x0000000081c00000, 0x0000000100000000)
  region size 1024K, 5 young (5120K), 5 survivors (5120K)
 Metaspace       used 95027K, capacity 97034K, committed 97228K, reserved 1134592K
  class space    used 11067K, capacity 11796K, committed 11828K, reserved 1048576K
}
Event: 10734.312 GC heap before
{Heap before GC invocations=79 (full 0):
 garbage-first heap   total 128000K, used 105544K [0x0000000081c00000, 0x0000000100000000)
  region size 1024K, 51 young (52224K), 5 survivors (5120K)
 Metaspace       used 95063K, capacity 97095K, committed 97228K, reserved 1134592K
  class space    used 11067K, capacity 11795K, committed 11828K, reserved 1048576K
}
Event: 10734.426 GC heap after
{Heap after GC invocations=80 (full 0):
 garbage-first heap   total 128000K, used 62438K [0x0000000081c00000, 0x0000000100000000)
  region size 1024K, 4 young (4096K), 4 survivors (4096K)
 Metaspace       used 95063K, capacity 97095K, committed 97228K, reserved 1134592K
  class space    used 11067K, capacity 11795K, committed 11828K, reserved 1048576K
}
Event: 11200.004 GC heap before
{Heap before GC invocations=80 (full 0):
 garbage-first heap   total 128000K, used 106470K [0x0000000081c00000, 0x0000000100000000)
  region size 1024K, 47 young (48128K), 4 survivors (4096K)
 Metaspace       used 95521K, capacity 97570K, committed 97740K, reserved 1134592K
  class space    used 11069K, capacity 11798K, committed 11828K, reserved 1048576K
}
Event: 11200.046 GC heap after
{Heap after GC invocations=81 (full 0):
 garbage-first heap   total 128000K, used 62573K [0x0000000081c00000, 0x0000000100000000)
  region size 1024K, 4 young (4096K), 4 survivors (4096K)
 Metaspace       used 95521K, capacity 97570K, committed 97740K, reserved 1134592K
  class space    used 11069K, capacity 11798K, committed 11828K, reserved 1048576K
}
Event: 13308.092 GC heap before
{Heap before GC invocations=82 (full 0):
 garbage-first heap   total 128000K, used 107629K [0x0000000081c00000, 0x0000000100000000)
  region size 1024K, 49 young (50176K), 4 survivors (4096K)
 Metaspace       used 95636K, capacity 97675K, committed 97868K, reserved 1134592K
  class space    used 11084K, capacity 11830K, committed 11956K, reserved 1048576K
}
Event: 13308.111 GC heap after
{Heap after GC invocations=83 (full 0):
 garbage-first heap   total 128000K, used 62300K [0x0000000081c00000, 0x0000000100000000)
  region size 1024K, 3 young (3072K), 3 survivors (3072K)
 Metaspace       used 95636K, capacity 97675K, committed 97868K, reserved 1134592K
  class space    used 11084K, capacity 11830K, committed 11956K, reserved 1048576K
}

